### Custom WaveView ADV log file, revision N-2017.12-SP1-1 (build Apr 03, ) ###
### created at 08:54:55 on Thu Apr  1 2021 (Linux AMD64) ###
### Host Name: eecs-810rds-10   User ID: mayersjd   PID: 21975   ###
wv_start_log
# (0) running in waveview only mode
# (0) SW_SX_PERL_LIB defined
# (0) SW_SX_TCL_LIB defined
# (0) HOME defined
wv_move_window {Custom WaveView} {} 550 272
wv_select_window {Custom WaveView} 
#Creating design 'cx_design'...
wv_resize_window {Custom WaveView} 822 586
#Design 'cx_design' cleared
#Map file '/home/mayersjd/Documents/Neuromorphic/Project/HardwareCNN/HSPICE/FeFET_MM.sp' to logical library 'CX_WORK:SPICE'
#[Time Span : 1617281698s CPU Time : 0.38s]
##1 : Parsing design file 'FeFET_MM.sp'
##2 : Parsing design file 'FeFET_MM.sp'
#Total Error: 0, Warning: 0
#Creating configuration 'FeFET_MM.sp:topcell:default'
wv_create_design FeFET_MM.sp
wv_sim_type hspice
wv_sim_option FeFET_MM.sp -spice FeFET_MM.sp
wv_open_dv
wv_resize_window {Custom WaveView} 1078 586
wv_resize_browser {Custom WaveView} {} {WV.Browser} 250 443
wv_resize_browser {Custom WaveView} {} {designview 1:1} 818 439
wv_resize_browser {Custom WaveView} {} {designview 1:1} 818 417
wv_resize_browser {Custom WaveView} {} {WV.Browser} 250 822
wv_resize_browser {Custom WaveView} {} {designview 1(FeFET_MM.sp):1} 1660 796
wv_move_window {Custom WaveView} {} -10 -10
wv_select_browser_item {topcell}
wv_double_click_browser_item {topcell}
wv_select_waveview 1 {designview 1}
wv_cv_select_inst {topcell} {0}
wv_cv_switch_scope {topcell}
wv_cv_zoom_in 597 260
wv_cv_zoom_in 597 260
wv_cv_zoom_in 597 260
wv_cv_zoom_in 612 251
wv_cv_zoom_in 620 249
wv_cv_zoom_in 591 245
wv_cv_zoom_in 507 241
wv_select_window {Custom WaveView} 
wv_close_window {Custom WaveView} 
wv_move_window {Confirmation} {} 869 461
wv_select_dialog {Confirmation} 
#wv_press_button {Confirmation} {} {Ok} 
#*WARNING* Can not remove '/home/mayersjd/.cx_hostport/.cx_hostport_eecs-810rds-10_21975'.
