### Custom WaveView ADV log file, revision N-2017.12-SP1-1 (build Apr 03, ) ###
### created at 12:01:06 on Tue Mar 30 2021 (Linux AMD64) ###
### Host Name: eecs-810rds-10   User ID: mayersjd   PID: 28021   ###
wv_start_log
# (0) running in waveview only mode
# (0) SW_SX_PERL_LIB defined
# (0) SW_SX_TCL_LIB defined
# (0) HOME defined
sx_open_sim_file_read {FeFET_MM.tr0}
wv_select_tree_item {Custom WaveView} {} {hierview} {D0:FeFET_MM.tr0(0)} {0} {+sep=@}
wv_select_tree_item {Custom WaveView} {} {hierview} {D0:FeFET_MM.tr0(0)} {0} {+sep=@}
wv_expand_tree_item {Custom WaveView} {} {hierview} {D0:FeFET_MM.tr0(0)} {+sep=@}
wv_select_tree_item {Custom WaveView} {} {hierview} {D0:FeFET_MM.tr0(0)} {0} {+sep=@}
wv_select_tree_item {Custom WaveView} {} {hierview} {D0:FeFET_MM.tr0(0)} {0} {+sep=@}
wv_select_tree_item {Custom WaveView} {} {hierview} {D0:FeFET_MM.tr0(0)@toplevel(0)} {0} {+sep=@}
wv_select_tree_item {Custom WaveView} {} {hierview} {D0:FeFET_MM.tr0(0)@toplevel(0)} {0} {+sep=@}
wv_expand_tree_item {Custom WaveView} {} {hierview} {D0:FeFET_MM.tr0(0)@toplevel(0)} {+sep=@}
wv_select_tree_item {Custom WaveView} {} {hierview} {D0:FeFET_MM.tr0(0)@toplevel(0)} {0} {+sep=@}
wv_select_tree_item {Custom WaveView} {} {hierview} {D0:FeFET_MM.tr0(0)@toplevel(0)} {0} {+sep=@}
wv_resize_browser {Custom WaveView} {} {WV.Browser} 251 822
wv_resize_browser {Custom WaveView} {} {waveview 1:1} 1659 796
wv_resize_browser {Custom WaveView} {} {WV.Browser} 256 822
wv_resize_browser {Custom WaveView} {} {waveview 1:1} 1654 796
wv_resize_browser {Custom WaveView} {} {WV.Browser} 264 822
wv_resize_browser {Custom WaveView} {} {waveview 1:1} 1646 796
wv_resize_browser {Custom WaveView} {} {WV.Browser} 301 822
wv_resize_browser {Custom WaveView} {} {waveview 1:1} 1609 796
wv_resize_browser {Custom WaveView} {} {WV.Browser} 325 822
wv_resize_browser {Custom WaveView} {} {waveview 1:1} 1585 796
wv_resize_browser {Custom WaveView} {} {WV.Browser} 345 822
wv_resize_browser {Custom WaveView} {} {waveview 1:1} 1565 796
wv_resize_browser {Custom WaveView} {} {WV.Browser} 362 822
wv_resize_browser {Custom WaveView} {} {waveview 1:1} 1548 796
wv_resize_browser {Custom WaveView} {} {WV.Browser} 375 822
wv_resize_browser {Custom WaveView} {} {waveview 1:1} 1535 796
wv_resize_browser {Custom WaveView} {} {WV.Browser} 382 822
wv_resize_browser {Custom WaveView} {} {waveview 1:1} 1528 796
wv_resize_browser {Custom WaveView} {} {WV.Browser} 417 822
wv_resize_browser {Custom WaveView} {} {waveview 1:1} 1493 796
wv_resize_browser {Custom WaveView} {} {WV.Browser} 420 822
wv_resize_browser {Custom WaveView} {} {waveview 1:1} 1490 796
wv_resize_browser {Custom WaveView} {} {WV.Browser} 429 822
wv_resize_browser {Custom WaveView} {} {waveview 1:1} 1481 796
wv_resize_browser {Custom WaveView} {} {WV.Browser} 437 822
wv_resize_browser {Custom WaveView} {} {waveview 1:1} 1473 796
wv_resize_browser {Custom WaveView} {} {WV.Browser} 439 822
wv_resize_browser {Custom WaveView} {} {waveview 1:1} 1471 796
wv_resize_browser {Custom WaveView} {} {WV.Browser} 450 822
wv_resize_browser {Custom WaveView} {} {waveview 1:1} 1460 796
wv_resize_browser {Custom WaveView} {} {WV.Browser} 468 822
wv_resize_browser {Custom WaveView} {} {waveview 1:1} 1442 796
wv_resize_browser {Custom WaveView} {} {WV.Browser} 498 822
wv_resize_browser {Custom WaveView} {} {waveview 1:1} 1412 796
wv_resize_browser {Custom WaveView} {} {WV.Browser} 502 822
wv_resize_browser {Custom WaveView} {} {waveview 1:1} 1408 796
wv_resize_browser {Custom WaveView} {} {WV.Browser} 503 822
wv_resize_browser {Custom WaveView} {} {waveview 1:1} 1407 796
wv_resize_browser {Custom WaveView} {} {WV.Browser} 501 822
wv_resize_browser {Custom WaveView} {} {waveview 1:1} 1409 796
wv_resize_browser {Custom WaveView} {} {WV.Browser} 500 822
wv_resize_browser {Custom WaveView} {} {waveview 1:1} 1410 796
wv_resize_browser {Custom WaveView} {} {WV.Browser} 499 822
wv_resize_browser {Custom WaveView} {} {waveview 1:1} 1411 796
wv_resize_browser {Custom WaveView} {} {WV.Browser} 497 822
wv_resize_browser {Custom WaveView} {} {waveview 1:1} 1413 796
wv_select_list_item {Custom WaveView} {} {sigview} {v(clk)} 24
wv_dclick_list_item {Custom WaveView} {} {sigview} {v(clk)} 24
wv_select_list_item {Custom WaveView} {} {sigview} {v(in1-0)} 42
wv_dclick_list_item {Custom WaveView} {} {sigview} {v(in1-0)} 42
wv_select_list_item {Custom WaveView} {} {sigview} {v(in1-1)} 43
wv_dclick_list_item {Custom WaveView} {} {sigview} {v(in1-1)} 43
wv_select_waveview 1 {waveview 1}
wv_select_wv_item WV1.PANEL2:1.LEGEND
wv_select_panel WV1.PANEL2:1.LEGEND
wv_press_key Delete 562 549
wv_select_window {Custom WaveView} 
wv_move_window {Confirmation} {} 869 461
wv_select_dialog {Confirmation} 
wv_press_button {Confirmation} {} {Cancel} 
wv_select_window {Custom WaveView} 
wv_select_waveview 1 {waveview 1}
wv_select_wv_item WV1.PANEL2:1.LEGEND
wv_select_panel WV1.PANEL2:1.LEGEND
wv_select_waveview 1 {waveview 1}
wv_select_wv_item WV1.PANEL2:1.LEGEND
wv_select_panel WV1.PANEL2:1.LEGEND
wv_press_key Delete 559 584
wv_move_window {Confirmation} {} 869 461
wv_select_dialog {Confirmation} 
wv_press_button {Confirmation} {} {Ok} 
wv_select_waveview 1 {waveview 1}
wv_select_wv_item WV1.PANEL2:1.LEGEND
wv_select_panel WV1.PANEL2:1.LEGEND
wv_press_key Delete 552 617
wv_move_window {Confirmation} {} 869 461
wv_select_dialog {Confirmation} 
wv_press_button {Confirmation} {} {Ok} 
wv_select_list_item {Custom WaveView} {} {sigview} {v(wl0)} 70
wv_dclick_list_item {Custom WaveView} {} {sigview} {v(wl0)} 70
wv_select_list_item {Custom WaveView} {} {sigview} {v(wl1)} 71
wv_dclick_list_item {Custom WaveView} {} {sigview} {v(wl1)} 71
wv_select_waveview 1 {waveview 1}
wv_select_wv_item WV1.PANEL1:1.LEGEND
wv_select_panel WV1.PANEL1:1.LEGEND
wv_select_waveview 1 {waveview 1}
wv_select_wv_item WV1.PANEL1:1.LEGEND
wv_drag_item_to WV1 42 142
wv_drag_enter WV1
wv_drag_to WV1 42 142
wv_drag_to WV1 39 221
wv_drag_to WV1 49 320
wv_drag_to WV1 59 471
wv_drag_to WV1 57 550
wv_drag_to WV1 47 687
wv_drop_on WV1
wv_drag_item_to WV1 42 142
wv_select_list_item {Custom WaveView} {} {sigview} {v(cap)} 17
wv_dclick_list_item {Custom WaveView} {} {sigview} {v(cap)} 17
wv_select_list_item {Custom WaveView} {} {sigview} {v(se)} 60
wv_dclick_list_item {Custom WaveView} {} {sigview} {v(se)} 60
wv_select_waveview 1 {waveview 1}
wv_select_wv_item WV1.PANEL5:1.LEGEND
wv_select_panel WV1.PANEL5:1.LEGEND
wv_select_waveview 1 {waveview 1}
wv_select_wv_item WV1.PANEL5:1.LEGEND
wv_drag_item_to WV1 43 655
wv_drag_enter WV1
wv_drag_to WV1 39 644
wv_drag_to WV1 27 599
wv_drag_leave WV1
wv_drag_enter WV1
wv_drag_to WV1 1 357
wv_drag_to WV1 30 334
wv_drop_on WV1
wv_drag_item_to WV1 39 644
wv_select_waveview 1 {waveview 1}
wv_select_wv_item WV1.PANEL2:1.LEGEND
wv_select_panel WV1.PANEL2:1.LEGEND
wv_select_waveview 1 {waveview 1}
wv_select_wv_item WV1.PANEL2:1.LEGEND
wv_drag_item_to WV1 51 227
wv_drag_enter WV1
wv_drag_to WV1 53 219
wv_drag_to WV1 51 176
wv_drag_to WV1 52 122
wv_drag_to WV1 65 48
wv_drop_on WV1
wv_drag_item_to WV1 53 219
wv_select_list_item {Custom WaveView} {} {sigview} {v(f4)} 39
wv_dclick_list_item {Custom WaveView} {} {sigview} {v(f4)} 39
wv_select_list_item {Custom WaveView} {} {sigview} {v(f3)} 38
wv_dclick_list_item {Custom WaveView} {} {sigview} {v(f3)} 38
wv_select_list_item {Custom WaveView} {} {sigview} {v(f2)} 37
wv_dclick_list_item {Custom WaveView} {} {sigview} {v(f2)} 37
wv_select_list_item {Custom WaveView} {} {sigview} {v(f1)} 36
wv_dclick_list_item {Custom WaveView} {} {sigview} {v(f1)} 36
wv_select_list_item {Custom WaveView} {} {sigview} {v(f0)} 35
wv_dclick_list_item {Custom WaveView} {} {sigview} {v(f0)} 35
wv_select_window {Custom WaveView} 
wv_select_tree_item {Custom WaveView} {} {hierview} {D0:FeFET_MM.tr0(0)} {0} {+sep=@}
wv_select_tree_item {Custom WaveView} {} {hierview} {D0:FeFET_MM.tr0(0)} {0} {+sep=@}
wv_tree_context_menu {Custom WaveView} {} {hierview} 118 9 {D0:FeFET_MM.tr0(0)} {+sep=@}
wv_select_menu_item {Custom WaveView} {} {FileViewPopMenu.Update WDF} 
wv_move_window {Confirmation} {} 638 454
wv_select_dialog {Confirmation} 
wv_press_button {Confirmation} {} {Ok} 
wv_tree_context_menu {Custom WaveView} {} {hierview} 115 11 {D0:FeFET_MM.tr0(0)} {+sep=@}
wv_select_menu_item {Custom WaveView} {} {FileViewPopMenu.Update WDF} 
wv_move_window {Confirmation} {} 638 454
wv_select_dialog {Confirmation} 
wv_press_button {Confirmation} {} {Ok} 
wv_select_tree_item {Custom WaveView} {} {hierview} {D0:FeFET_MM.tr0(0)@toplevel(0)} {0} {+sep=@}
wv_select_tree_item {Custom WaveView} {} {hierview} {D0:FeFET_MM.tr0(0)@toplevel(0)} {0} {+sep=@}
wv_select_window {Custom WaveView} 
wv_select_list_item {Custom WaveView} {} {sigview} {v(sa1out)} 59
wv_dclick_list_item {Custom WaveView} {} {sigview} {v(sa1out)} 59
wv_select_list_item {Custom WaveView} {} {sigview} {v(sa0out)} 58
wv_dclick_list_item {Custom WaveView} {} {sigview} {v(sa0out)} 58
wv_select_window {Custom WaveView} 
wv_select_waveview 1 {waveview 1}
wv_select_wv_item WV1.PANEL11:1.LEGEND
wv_select_panel WV1.PANEL11:1.LEGEND
wv_press_key Delete 549 795
wv_move_window {Confirmation} {} 869 461
wv_select_dialog {Confirmation} 
wv_press_button {Confirmation} {} {Ok} 
wv_select_waveview 1 {waveview 1}
wv_select_wv_item WV1.PANEL11:1.LEGEND
wv_select_panel WV1.PANEL11:1.LEGEND
wv_press_key Delete 542 876
wv_move_window {Confirmation} {} 869 461
wv_select_dialog {Confirmation} 
wv_press_button {Confirmation} {} {Ok} 
wv_select_list_item {Custom WaveView} {} {sigview} {v(csa0-1)} 29
wv_dclick_list_item {Custom WaveView} {} {sigview} {v(csa0-1)} 29
wv_select_list_item {Custom WaveView} {} {sigview} {v(csa0-0)} 27
wv_dclick_list_item {Custom WaveView} {} {sigview} {v(csa0-0)} 27
wv_select_list_item {Custom WaveView} {} {sigview} {v(csa1-1)} 33
wv_dclick_list_item {Custom WaveView} {} {sigview} {v(csa1-1)} 33
wv_select_list_item {Custom WaveView} {} {sigview} {v(csa1-0)} 31
wv_dclick_list_item {Custom WaveView} {} {sigview} {v(csa1-0)} 31
wv_select_window {Custom WaveView} 
wv_select_list_item {Custom WaveView} {} {sigview} {v(s1)} 57
wv_dclick_list_item {Custom WaveView} {} {sigview} {v(s1)} 57
wv_select_list_item {Custom WaveView} {} {sigview} {v(s0)} 56
wv_dclick_list_item {Custom WaveView} {} {sigview} {v(s0)} 56
wv_select_window {Custom WaveView} 
wv_select_waveview 1 {waveview 1}
wv_select_wv_item WV1.PANEL12:1.LEGEND
wv_select_panel WV1.PANEL12:1.LEGEND
wv_select_waveview 1 {waveview 1}
wv_select_wv_item WV1.PANEL12:1.LEGEND
wv_drag_item_to WV1 49 527
wv_drag_enter WV1
wv_drag_to WV1 49 534
wv_drag_to WV1 49 540
wv_drag_to WV1 53 558
wv_drag_to WV1 56 586
wv_drag_to WV1 51 602
wv_drag_to WV1 56 630
wv_drag_to WV1 61 646
wv_drag_to WV1 70 674
wv_drag_to WV1 72 690
wv_drag_to WV1 73 716
wv_drop_on WV1
wv_drag_item_to WV1 49 534
wv_select_waveview 1 {waveview 1}
wv_select_wv_item WV1.PANEL12:1.LEGEND
wv_select_panel WV1.PANEL12:1.LEGEND
wv_press_key Delete 564 678
wv_move_window {Confirmation} {} 869 461
wv_select_dialog {Confirmation} 
wv_press_button {Confirmation} {} {Ok} 
wv_select_waveview 1 {waveview 1}
wv_select_wv_item WV1.PANEL11:1.LEGEND
wv_select_panel WV1.PANEL11:1.LEGEND
wv_press_key Delete 551 676
wv_move_window {Confirmation} {} 869 461
wv_select_dialog {Confirmation} 
wv_press_button {Confirmation} {} {Ok} 
wv_select_waveview 1 {waveview 1}
wv_select_wv_item WV1.PANEL11:1.LEGEND
wv_select_panel WV1.PANEL11:1.LEGEND
wv_press_key Delete 557 723
wv_move_window {Confirmation} {} 869 461
wv_select_dialog {Confirmation} 
wv_press_button {Confirmation} {} {Ok} 
wv_select_list_item {Custom WaveView} {} {sigview} {v(csa0-1)} 29
wv_dclick_list_item {Custom WaveView} {} {sigview} {v(csa0-1)} 29
wv_select_list_item {Custom WaveView} {} {sigview} {v(csa0-0)} 27
wv_dclick_list_item {Custom WaveView} {} {sigview} {v(csa0-0)} 27
wv_select_list_item {Custom WaveView} {} {sigview} {v(csa1-1)} 33
wv_dclick_list_item {Custom WaveView} {} {sigview} {v(csa1-1)} 33
wv_select_list_item {Custom WaveView} {} {sigview} {v(csa1-0)} 31
wv_dclick_list_item {Custom WaveView} {} {sigview} {v(csa1-0)} 31
wv_select_list_item {Custom WaveView} {} {sigview} {v(sa1out)} 59
wv_dclick_list_item {Custom WaveView} {} {sigview} {v(sa1out)} 59
wv_select_list_item {Custom WaveView} {} {sigview} {v(sa0out)} 58
wv_dclick_list_item {Custom WaveView} {} {sigview} {v(sa0out)} 58
wv_select_waveview 1 {waveview 1}
wv_select_wv_item WV1.PANEL19:1.LEGEND
wv_select_panel WV1.PANEL19:1.LEGEND
wv_select_waveview 1 {waveview 1}
wv_select_wv_item WV1.PANEL19:1.LEGEND
wv_drag_item_to WV1 60 701
wv_drag_enter WV1
wv_drag_to WV1 60 701
wv_drag_to WV1 66 676
wv_drag_to WV1 66 655
wv_drag_to WV1 70 641
wv_drag_to WV1 73 613
wv_drag_to WV1 73 597
wv_drag_to WV1 73 579
wv_drag_to WV1 77 562
wv_drag_to WV1 80 542
wv_drag_to WV1 82 522
wv_drag_to WV1 85 508
wv_drag_to WV1 74 493
wv_drag_to WV1 62 498
wv_drop_on WV1
wv_drag_item_to WV1 60 701
wv_select_waveview 1 {waveview 1}
wv_select_wv_item WV1.PANEL19:1.LEGEND
wv_select_panel WV1.PANEL19:1.LEGEND
wv_select_waveview 1 {waveview 1}
wv_select_wv_item WV1.PANEL19:1.LEGEND
wv_drag_item_to WV1 56 705
wv_drag_enter WV1
wv_drag_to WV1 56 699
wv_drag_to WV1 56 692
wv_drag_to WV1 55 675
wv_drag_to WV1 53 628
wv_drag_to WV1 54 617
wv_drop_on WV1
wv_drag_item_to WV1 56 699
wv_select_window {Custom WaveView} 
wv_tree_context_menu {Custom WaveView} {} {hierview} 142 30 {D0:FeFET_MM.tr0(0)@toplevel(0)} {+sep=@}
wv_select_menu_item {Custom WaveView} {} {FileViewPopMenu.Update WDF} 
wv_move_window {Confirmation} {} 638 454
wv_select_dialog {Confirmation} 
wv_press_button {Confirmation} {} {Ok} 
wv_select_window {Custom WaveView} 
wv_tree_context_menu {Custom WaveView} {} {hierview} 196 25 {D0:FeFET_MM.tr0(0)@toplevel(0)} {+sep=@}
wv_select_menu_item {Custom WaveView} {} {FileViewPopMenu.Update WDF} 
wv_move_window {Confirmation} {} 638 454
wv_select_dialog {Confirmation} 
wv_press_button {Confirmation} {} {Ok} 
wv_select_window {Custom WaveView} 
wv_tree_context_menu {Custom WaveView} {} {hierview} 223 28 {D0:FeFET_MM.tr0(0)@toplevel(0)} {+sep=@}
wv_select_menu_item {Custom WaveView} {} {FileViewPopMenu.Update WDF} 
wv_move_window {Confirmation} {} 638 454
wv_select_dialog {Confirmation} 
wv_press_button {Confirmation} {} {Ok} 
wv_select_window {Custom WaveView} 
wv_tree_context_menu {Custom WaveView} {} {hierview} 139 27 {D0:FeFET_MM.tr0(0)@toplevel(0)} {+sep=@}
wv_select_menu_item {Custom WaveView} {} {FileViewPopMenu.Update WDF} 
wv_move_window {Confirmation} {} 638 454
wv_select_dialog {Confirmation} 
wv_press_button {Confirmation} {} {Ok} 
wv_select_window {Custom WaveView} 
wv_tree_context_menu {Custom WaveView} {} {hierview} 138 27 {D0:FeFET_MM.tr0(0)@toplevel(0)} {+sep=@}
wv_select_menu_item {Custom WaveView} {} {FileViewPopMenu.Update WDF} 
wv_move_window {Confirmation} {} 638 454
wv_select_dialog {Confirmation} 
wv_press_button {Confirmation} {} {Ok} 
wv_select_window {Custom WaveView} 
wv_tree_context_menu {Custom WaveView} {} {hierview} 123 30 {D0:FeFET_MM.tr0(0)@toplevel(0)} {+sep=@}
wv_select_menu_item {Custom WaveView} {} {FileViewPopMenu.Update WDF} 
wv_move_window {Confirmation} {} 638 454
wv_select_dialog {Confirmation} 
wv_press_button {Confirmation} {} {Ok} 
wv_select_window {Custom WaveView} 
wv_tree_context_menu {Custom WaveView} {} {hierview} 132 27 {D0:FeFET_MM.tr0(0)@toplevel(0)} {+sep=@}
wv_select_menu_item {Custom WaveView} {} {FileViewPopMenu.Update WDF} 
wv_move_window {Confirmation} {} 638 454
wv_select_dialog {Confirmation} 
wv_press_button {Confirmation} {} {Ok} 
wv_select_window {Custom WaveView} 
wv_select_list_item {Custom WaveView} {} {sigview} {v(se2)} 69
wv_dclick_list_item {Custom WaveView} {} {sigview} {v(se2)} 69
wv_select_list_item {Custom WaveView} {} {sigview} {v(se1)} 67
wv_dclick_list_item {Custom WaveView} {} {sigview} {v(se1)} 67
wv_select_list_item {Custom WaveView} {} {sigview} {v(se0)} 65
wv_drag_list_item {Custom WaveView} {} {sigview} {v(se0)} 65
wv_dclick_list_item {Custom WaveView} {} {sigview} {v(se0)} 65
wv_select_list_item {Custom WaveView} {} {sigview} {v(se2p)} 70
wv_drag_list_item {Custom WaveView} {} {sigview} {v(se2p)} 70
wv_dclick_list_item {Custom WaveView} {} {sigview} {v(se2p)} 70
wv_select_list_item {Custom WaveView} {} {sigview} {v(se1p)} 68
wv_dclick_list_item {Custom WaveView} {} {sigview} {v(se1p)} 68
wv_select_list_item {Custom WaveView} {} {sigview} {v(se2)} 69
wv_select_list_item {Custom WaveView} {} {sigview} {v(se0p)} 66
wv_dclick_list_item {Custom WaveView} {} {sigview} {v(se0p)} 66
wv_select_waveview 1 {waveview 1}
wv_select_wv_item WV1.PANEL25:1.LEGEND
wv_select_panel WV1.PANEL25:1.LEGEND
wv_press_key Delete 508 889
wv_select_window {Custom WaveView} 
wv_move_window {Confirmation} {} 869 461
wv_select_dialog {Confirmation} 
wv_press_button {Confirmation} {} {Ok} 
wv_select_waveview 1 {waveview 1}
wv_select_wv_item WV1.PANEL24:1.LEGEND
wv_select_panel WV1.PANEL24:1.LEGEND
wv_select_waveview 1 {waveview 1}
wv_shift_select_panel WV1.PANEL20:1.LEGEND
wv_release_wv_item WV1 23 590
wv_press_key Delete 538 758
wv_move_window {Confirmation} {} 869 461
wv_select_dialog {Confirmation} 
wv_press_button {Confirmation} {} {Ok} 
wv_tree_context_menu {Custom WaveView} {} {hierview} 140 29 {D0:FeFET_MM.tr0(0)@toplevel(0)} {+sep=@}
wv_select_menu_item {Custom WaveView} {} {FileViewPopMenu.Update WDF} 
wv_move_window {Confirmation} {} 638 454
wv_select_dialog {Confirmation} 
wv_press_button {Confirmation} {} {Ok} 
wv_select_window {Custom WaveView} 
wv_tree_context_menu {Custom WaveView} {} {hierview} 84 28 {D0:FeFET_MM.tr0(0)@toplevel(0)} {+sep=@}
wv_select_menu_item {Custom WaveView} {} {FileViewPopMenu.Update WDF} 
wv_move_window {Confirmation} {} 638 454
wv_select_dialog {Confirmation} 
wv_press_button {Confirmation} {} {Ok} 
wv_select_window {Custom WaveView} 
wv_tree_context_menu {Custom WaveView} {} {hierview} 184 31 {D0:FeFET_MM.tr0(0)@toplevel(0)} {+sep=@}
wv_select_menu_item {Custom WaveView} {} {FileViewPopMenu.Update WDF} 
wv_move_window {Confirmation} {} 638 454
wv_select_dialog {Confirmation} 
wv_press_button {Confirmation} {} {Ok} 
wv_select_window {Custom WaveView} 
wv_tree_context_menu {Custom WaveView} {} {hierview} 207 32 {D0:FeFET_MM.tr0(0)@toplevel(0)} {+sep=@}
wv_select_menu_item {Custom WaveView} {} {FileViewPopMenu.Update WDF} 
wv_move_window {Confirmation} {} 638 454
wv_select_dialog {Confirmation} 
wv_press_button {Confirmation} {} {Ok} 
wv_select_window {Custom WaveView} 
wv_tree_context_menu {Custom WaveView} {} {hierview} 186 26 {D0:FeFET_MM.tr0(0)@toplevel(0)} {+sep=@}
wv_select_menu_item {Custom WaveView} {} {FileViewPopMenu.Update WDF} 
wv_move_window {Confirmation} {} 638 454
wv_select_dialog {Confirmation} 
wv_press_button {Confirmation} {} {Ok} 
wv_select_window {Custom WaveView} 
wv_tree_context_menu {Custom WaveView} {} {hierview} 152 33 {D0:FeFET_MM.tr0(0)@toplevel(0)} {+sep=@}
wv_select_menu_item {Custom WaveView} {} {FileViewPopMenu.Update WDF} 
wv_move_window {Confirmation} {} 638 454
wv_select_dialog {Confirmation} 
wv_press_button {Confirmation} {} {Ok} 
wv_select_window {Custom WaveView} 
wv_select_waveview 1 {waveview 1}
wv_select_wv_item WV1.PANEL11:1.LEGEND
wv_select_panel WV1.PANEL11:1.LEGEND
wv_select_waveview 1 {waveview 1}
wv_shift_select_panel WV1.PANEL19:1.LEGEND
wv_release_wv_item WV1 44 713
wv_select_waveview 1 {waveview 1}
wv_waveview_context_menu WV1.PANEL13:1.LEGEND
wv_select_waveview 1 {waveview 1}
wv_select_menu_item {Custom WaveView} {waveview 1:1} {PanelPopMenu.Delete} 
wv_move_window {Confirmation} {} 869 461
wv_select_dialog {Confirmation} 
wv_press_button {Confirmation} {} {Ok} 
wv_select_waveview 1 {waveview 1}
wv_select_wv_item WV1.PANEL5:1.LEGEND
wv_select_panel WV1.PANEL5:1.LEGEND
wv_select_waveview 1 {waveview 1}
wv_select_wv_item WV1.PANEL5:1.LEGEND
wv_select_panel WV1.PANEL5:1.LEGEND
